2022-02-20 09:21:40:........................Starting new session........................
2022-02-20 09:21:40: Starting download...
2022-02-20 09:23:12: Divvy_Trips_2018_Q4.zip was downloaded successfully
2022-02-20 09:23:13: Divvy_Trips_2018_Q4.csv was extracted successfully
2022-02-20 09:21:41: Starting download...
2022-02-20 09:23:15: Divvy_Trips_2019_Q1.zip was downloaded successfully
2022-02-20 09:23:16: Divvy_Trips_2019_Q1.csv was extracted successfully
2022-02-20 09:23:16: Starting download...
2022-02-20 09:23:17: Error while downloading Divvy_Trips_2220_Q1.zip
2022-02-20 09:23:17: URL does not seem to exist: https://divvy-tripdata.s3.amazonaws.com/Divvy_Trips_2220_Q1.zip
2022-02-20 09:21:42: Starting download...
2022-02-20 09:23:54: Divvy_Trips_2019_Q2.zip was downloaded successfully
2022-02-20 09:23:55: Divvy_Trips_2019_Q2.csv was extracted successfully
2022-02-20 09:23:18: Starting download...
2022-02-20 09:24:45: Divvy_Trips_2020_Q1.zip was downloaded successfully
2022-02-20 09:24:45: Divvy_Trips_2020_Q1.csv was extracted successfully
2022-02-20 09:23:14: Starting download...
2022-02-20 09:24:48: Divvy_Trips_2019_Q4.zip was downloaded successfully
2022-02-20 09:24:50: Divvy_Trips_2019_Q4.csv was extracted successfully
2022-02-20 09:21:42: Starting download...
2022-02-20 09:25:53: Divvy_Trips_2019_Q3.zip was downloaded successfully
2022-02-20 09:25:55: Divvy_Trips_2019_Q3.csv was extracted successfully
